<?xml version="1.0" encoding="UTF-8"?>
<testng-results ignored="0" total="1" passed="1" failed="0" skipped="0">
  <reporter-output>
  </reporter-output>
  <suite started-at="2024-04-11T12:06:14 IST" name="Default suite" finished-at="2024-04-11T12:06:17 IST" duration-ms="3335">
    <groups>
    </groups>
    <test started-at="2024-04-11T12:06:14 IST" name="Default test" finished-at="2024-04-11T12:06:17 IST" duration-ms="3335">
      <class name="GoRestChaining.createUser">
        <test-method signature="craeteUsr()[pri:0, instance:GoRestChaining.createUser@3aefe5e5]" started-at="2024-04-11T12:06:14 IST" name="craeteUsr" finished-at="2024-04-11T12:06:17 IST" duration-ms="3290" status="PASS">
          <reporter-output>
          </reporter-output>
        </test-method> <!-- craeteUsr -->
      </class> <!-- GoRestChaining.createUser -->
    </test> <!-- Default test -->
  </suite> <!-- Default suite -->
</testng-results>
